Build started 3/4/2012 6:15:26 PM.
     1>Project "D:\Git\3DGraphingCalculator\GraphingCalc\GraphingCalc.vcxproj" on node 2 (build target(s)).
     1>InitializeBuildStatus:
         Creating "Release\GraphingCalc.unsuccessfulbuild" because "AlwaysCreate" was specified.
       ClCompile:
         C:\Program Files (x86)\Microsoft Visual Studio 10.0\VC\bin\CL.exe /c /Zi /nologo /W3 /WX- /O2 /Oi /Oy- /GL /D _MBCS /Gm- /EHsc /MD /GS /Gy /fp:precise /Zc:wchar_t /Zc:forScope /Fo"Release\\" /Fd"Release\vc100.pdb" /Gd /TP /analyze- /errorReport:prompt main.cpp RPN\rpnBuilder.cpp RPN\token.cpp
         main.cpp
     1>main.cpp(128): warning C4996: 'sprintf': This function or variable may be unsafe. Consider using sprintf_s instead. To disable deprecation, use _CRT_SECURE_NO_WARNINGS. See online help for details.
                 C:\Program Files (x86)\Microsoft Visual Studio 10.0\VC\include\stdio.h(371) : see declaration of 'sprintf'
     1>main.cpp(187): warning C4996: 'strcpy': This function or variable may be unsafe. Consider using strcpy_s instead. To disable deprecation, use _CRT_SECURE_NO_WARNINGS. See online help for details.
                 C:\Program Files (x86)\Microsoft Visual Studio 10.0\VC\include\string.h(105) : see declaration of 'strcpy'
     1>main.cpp(192): warning C4996: 'strcpy': This function or variable may be unsafe. Consider using strcpy_s instead. To disable deprecation, use _CRT_SECURE_NO_WARNINGS. See online help for details.
                 C:\Program Files (x86)\Microsoft Visual Studio 10.0\VC\include\string.h(105) : see declaration of 'strcpy'
     1>main.cpp(197): warning C4996: 'strcpy': This function or variable may be unsafe. Consider using strcpy_s instead. To disable deprecation, use _CRT_SECURE_NO_WARNINGS. See online help for details.
                 C:\Program Files (x86)\Microsoft Visual Studio 10.0\VC\include\string.h(105) : see declaration of 'strcpy'
     1>main.cpp(202): warning C4996: 'strcpy': This function or variable may be unsafe. Consider using strcpy_s instead. To disable deprecation, use _CRT_SECURE_NO_WARNINGS. See online help for details.
                 C:\Program Files (x86)\Microsoft Visual Studio 10.0\VC\include\string.h(105) : see declaration of 'strcpy'
     1>main.cpp(208): warning C4996: 'strcpy': This function or variable may be unsafe. Consider using strcpy_s instead. To disable deprecation, use _CRT_SECURE_NO_WARNINGS. See online help for details.
                 C:\Program Files (x86)\Microsoft Visual Studio 10.0\VC\include\string.h(105) : see declaration of 'strcpy'
     1>main.cpp(213): warning C4996: 'strcpy': This function or variable may be unsafe. Consider using strcpy_s instead. To disable deprecation, use _CRT_SECURE_NO_WARNINGS. See online help for details.
                 C:\Program Files (x86)\Microsoft Visual Studio 10.0\VC\include\string.h(105) : see declaration of 'strcpy'
     1>main.cpp(218): warning C4996: 'strcpy': This function or variable may be unsafe. Consider using strcpy_s instead. To disable deprecation, use _CRT_SECURE_NO_WARNINGS. See online help for details.
                 C:\Program Files (x86)\Microsoft Visual Studio 10.0\VC\include\string.h(105) : see declaration of 'strcpy'
     1>main.cpp(418): warning C4018: '<' : signed/unsigned mismatch
         rpnBuilder.cpp
     1>RPN\rpnBuilder.cpp(23): warning C4018: '<' : signed/unsigned mismatch
     1>RPN\rpnBuilder.cpp(110): warning C4018: '<' : signed/unsigned mismatch
     1>RPN\rpnBuilder.cpp(145): warning C4018: '<' : signed/unsigned mismatch
     1>RPN\rpnBuilder.cpp(149): warning C4482: nonstandard extension used: enum 'TokenType' used in qualified name
     1>RPN\rpnBuilder.cpp(172): warning C4482: nonstandard extension used: enum 'TokenType' used in qualified name
     1>RPN\rpnBuilder.cpp(193): warning C4482: nonstandard extension used: enum 'TokenType' used in qualified name
     1>RPN\rpnBuilder.cpp(210): warning C4482: nonstandard extension used: enum 'TokenType' used in qualified name
         token.cpp
       Link:
         C:\Program Files (x86)\Microsoft Visual Studio 10.0\VC\bin\link.exe /ERRORREPORT:PROMPT /OUT:"D:\Git\3DGraphingCalculator\Release\GraphingCalc.exe" /NOLOGO glew32.lib glut32.lib kernel32.lib user32.lib gdi32.lib winspool.lib comdlg32.lib advapi32.lib shell32.lib ole32.lib oleaut32.lib uuid.lib odbc32.lib odbccp32.lib /MANIFEST /ManifestFile:"Release\GraphingCalc.exe.intermediate.manifest" /MANIFESTUAC:"level='asInvoker' uiAccess='false'" /DEBUG /PDB:"D:\Git\3DGraphingCalculator\Release\GraphingCalc.pdb" /OPT:REF /OPT:ICF /LTCG /TLBID:1 /DYNAMICBASE /NXCOMPAT /IMPLIB:"D:\Git\3DGraphingCalculator\Release\GraphingCalc.lib" /MACHINE:X86 Release\main.obj
         Release\rpnBuilder.obj
         Release\token.obj
         Generating code
     1>d:\git\3dgraphingcalculator\graphingcalc\rpn\rpnbuilder.cpp(95): warning C4715: 'RPNBuilder::opLevel' : not all control paths return a value
         Finished generating code
         GraphingCalc.vcxproj -> D:\Git\3DGraphingCalculator\Release\GraphingCalc.exe
       Manifest:
         C:\Program Files (x86)\Microsoft SDKs\Windows\v7.0A\bin\mt.exe /nologo /verbose /outputresource:"D:\Git\3DGraphingCalculator\Release\GraphingCalc.exe;#1" /manifest Release\GraphingCalc.exe.intermediate.manifest
       FinalizeBuildStatus:
         Deleting file "Release\GraphingCalc.unsuccessfulbuild".
         Touching "Release\GraphingCalc.lastbuildstate".
     1>Done Building Project "D:\Git\3DGraphingCalculator\GraphingCalc\GraphingCalc.vcxproj" (build target(s)).

Build succeeded.

Time Elapsed 00:00:01.81
