Build started 3/4/2012 7:32:20 PM.
     1>Project "D:\Git\3DGraphingCalculator\GraphingCalc\GraphingCalc.vcxproj" on node 2 (build target(s)).
     1>InitializeBuildStatus:
         Creating "Debug\GraphingCalc.unsuccessfulbuild" because "AlwaysCreate" was specified.
       ClCompile:
         C:\Program Files (x86)\Microsoft Visual Studio 10.0\VC\bin\CL.exe /c /ZI /nologo /W3 /WX- /Od /Oy- /D _MBCS /Gm /EHsc /RTC1 /MDd /GS /fp:precise /Zc:wchar_t /Zc:forScope /Fo"Debug\\" /Fd"Debug\vc100.pdb" /Gd /TP /analyze- /errorReport:prompt main.cpp
         main.cpp
     1>d:\git\3dgraphingcalculator\graphingcalc\expression\expressions.h(20): warning C4018: '<' : signed/unsigned mismatch
     1>d:\git\3dgraphingcalculator\graphingcalc\expression\expressions.h(22): warning C4482: nonstandard extension used: enum 'TokenType' used in qualified name
     1>d:\git\3dgraphingcalculator\graphingcalc\expression\expressions.h(29): warning C4482: nonstandard extension used: enum 'TokenType' used in qualified name
     1>d:\git\3dgraphingcalculator\graphingcalc\expression\expressions.h(33): warning C4482: nonstandard extension used: enum 'TokenType' used in qualified name
     1>d:\git\3dgraphingcalculator\graphingcalc\main.cpp(118): warning C4996: 'sprintf': This function or variable may be unsafe. Consider using sprintf_s instead. To disable deprecation, use _CRT_SECURE_NO_WARNINGS. See online help for details.
                 c:\program files (x86)\microsoft visual studio 10.0\vc\include\stdio.h(371) : see declaration of 'sprintf'
     1>d:\git\3dgraphingcalculator\graphingcalc\main.cpp(178): warning C4996: 'strcpy': This function or variable may be unsafe. Consider using strcpy_s instead. To disable deprecation, use _CRT_SECURE_NO_WARNINGS. See online help for details.
                 c:\program files (x86)\microsoft visual studio 10.0\vc\include\string.h(105) : see declaration of 'strcpy'
     1>d:\git\3dgraphingcalculator\graphingcalc\main.cpp(182): warning C4996: 'strcpy': This function or variable may be unsafe. Consider using strcpy_s instead. To disable deprecation, use _CRT_SECURE_NO_WARNINGS. See online help for details.
                 c:\program files (x86)\microsoft visual studio 10.0\vc\include\string.h(105) : see declaration of 'strcpy'
     1>d:\git\3dgraphingcalculator\graphingcalc\main.cpp(187): warning C4996: 'strcpy': This function or variable may be unsafe. Consider using strcpy_s instead. To disable deprecation, use _CRT_SECURE_NO_WARNINGS. See online help for details.
                 c:\program files (x86)\microsoft visual studio 10.0\vc\include\string.h(105) : see declaration of 'strcpy'
     1>d:\git\3dgraphingcalculator\graphingcalc\main.cpp(192): warning C4996: 'strcpy': This function or variable may be unsafe. Consider using strcpy_s instead. To disable deprecation, use _CRT_SECURE_NO_WARNINGS. See online help for details.
                 c:\program files (x86)\microsoft visual studio 10.0\vc\include\string.h(105) : see declaration of 'strcpy'
     1>d:\git\3dgraphingcalculator\graphingcalc\main.cpp(197): warning C4996: 'strcpy': This function or variable may be unsafe. Consider using strcpy_s instead. To disable deprecation, use _CRT_SECURE_NO_WARNINGS. See online help for details.
                 c:\program files (x86)\microsoft visual studio 10.0\vc\include\string.h(105) : see declaration of 'strcpy'
     1>d:\git\3dgraphingcalculator\graphingcalc\main.cpp(203): warning C4996: 'strcpy': This function or variable may be unsafe. Consider using strcpy_s instead. To disable deprecation, use _CRT_SECURE_NO_WARNINGS. See online help for details.
                 c:\program files (x86)\microsoft visual studio 10.0\vc\include\string.h(105) : see declaration of 'strcpy'
     1>d:\git\3dgraphingcalculator\graphingcalc\main.cpp(208): warning C4996: 'strcpy': This function or variable may be unsafe. Consider using strcpy_s instead. To disable deprecation, use _CRT_SECURE_NO_WARNINGS. See online help for details.
                 c:\program files (x86)\microsoft visual studio 10.0\vc\include\string.h(105) : see declaration of 'strcpy'
     1>d:\git\3dgraphingcalculator\graphingcalc\main.cpp(213): warning C4996: 'strcpy': This function or variable may be unsafe. Consider using strcpy_s instead. To disable deprecation, use _CRT_SECURE_NO_WARNINGS. See online help for details.
                 c:\program files (x86)\microsoft visual studio 10.0\vc\include\string.h(105) : see declaration of 'strcpy'
       Link:
         C:\Program Files (x86)\Microsoft Visual Studio 10.0\VC\bin\link.exe /ERRORREPORT:PROMPT /OUT:"D:\Git\3DGraphingCalculator\Debug\GraphingCalc.exe" /NOLOGO glew32.lib glut32.lib kernel32.lib user32.lib gdi32.lib winspool.lib comdlg32.lib advapi32.lib shell32.lib ole32.lib oleaut32.lib uuid.lib odbc32.lib odbccp32.lib /MANIFEST /ManifestFile:"Debug\GraphingCalc.exe.intermediate.manifest" /MANIFESTUAC:"level='asInvoker' uiAccess='false'" /DEBUG /PDB:"D:\Git\3DGraphingCalculator\Debug\GraphingCalc.pdb" /TLBID:1 /DYNAMICBASE /NXCOMPAT /IMPLIB:"D:\Git\3DGraphingCalculator\Debug\GraphingCalc.lib" /MACHINE:X86 Debug\main.obj
         Debug\rpnBuilder.obj
         Debug\token.obj
         LINK : D:\Git\3DGraphingCalculator\Debug\GraphingCalc.exe not found or not built by the last incremental link; performing full link
         GraphingCalc.vcxproj -> D:\Git\3DGraphingCalculator\Debug\GraphingCalc.exe
       Manifest:
         C:\Program Files (x86)\Microsoft SDKs\Windows\v7.0A\bin\mt.exe /nologo /verbose /outputresource:"D:\Git\3DGraphingCalculator\Debug\GraphingCalc.exe;#1" /manifest Debug\GraphingCalc.exe.intermediate.manifest
       FinalizeBuildStatus:
         Deleting file "Debug\GraphingCalc.unsuccessfulbuild".
         Touching "Debug\GraphingCalc.lastbuildstate".
     1>Done Building Project "D:\Git\3DGraphingCalculator\GraphingCalc\GraphingCalc.vcxproj" (build target(s)).

Build succeeded.

Time Elapsed 00:00:00.79
